Flow report for tetris
Tue Dec 15 17:52:48 2020
Quartus Prime Version 18.1.0 Build 625 09/12/2018 SJ Lite Edition


---------------------
; Table of Contents ;
---------------------
  1. Legal Notice
  2. Flow Summary
  3. Flow Settings
  4. Flow Non-Default Global Settings
  5. Flow Elapsed Time
  6. Flow OS Summary
  7. Flow Log
  8. Flow Messages
  9. Flow Suppressed Messages



----------------
; Legal Notice ;
----------------
Copyright (C) 2018  Intel Corporation. All rights reserved.
Your use of Intel Corporation's design tools, logic functions 
and other software and tools, and its AMPP partner logic 
functions, and any output files from any of the foregoing 
(including device programming or simulation files), and any 
associated documentation or information are expressly subject 
to the terms and conditions of the Intel Program License 
Subscription Agreement, the Intel Quartus Prime License Agreement,
the Intel FPGA IP License Agreement, or other applicable license
agreement, including, without limitation, that your use is for
the sole purpose of programming logic devices manufactured by
Intel and sold by Intel or its authorized distributors.  Please
refer to the applicable agreement for further details.



+----------------------------------------------------------------------------------+
; Flow Summary                                                                     ;
+------------------------------------+---------------------------------------------+
; Flow Status                        ; Successful - Tue Dec 15 17:52:48 2020       ;
; Quartus Prime Version              ; 18.1.0 Build 625 09/12/2018 SJ Lite Edition ;
; Revision Name                      ; tetris                                      ;
; Top-level Entity Name              ; tetris                                      ;
; Family                             ; MAX 10                                      ;
; Device                             ; 10M50DAF484C7G                              ;
; Timing Models                      ; Final                                       ;
; Total logic elements               ; 45,836 / 49,760 ( 92 % )                    ;
;     Total combinational functions  ; 45,058 / 49,760 ( 91 % )                    ;
;     Dedicated logic registers      ; 4,153 / 49,760 ( 8 % )                      ;
; Total registers                    ; 4222                                        ;
; Total pins                         ; 125 / 360 ( 35 % )                          ;
; Total virtual pins                 ; 0                                           ;
; Total memory bits                  ; 11,392 / 1,677,312 ( < 1 % )                ;
; Embedded Multiplier 9-bit elements ; 0 / 288 ( 0 % )                             ;
; Total PLLs                         ; 1 / 4 ( 25 % )                              ;
; UFM blocks                         ; 0 / 1 ( 0 % )                               ;
; ADC blocks                         ; 0 / 2 ( 0 % )                               ;
+------------------------------------+---------------------------------------------+


+-----------------------------------------+
; Flow Settings                           ;
+-------------------+---------------------+
; Option            ; Setting             ;
+-------------------+---------------------+
; Start date & time ; 12/15/2020 17:44:41 ;
; Main task         ; Compilation         ;
; Revision Name     ; tetris              ;
+-------------------+---------------------+


+----------------------------------------------------------------------------------------------------------------------------------------------------------+
; Flow Non-Default Global Settings                                                                                                                         ;
+--------------------------------------+--------------------------------------------------------------+---------------+-------------------+----------------+
; Assignment Name                      ; Value                                                        ; Default Value ; Entity Name       ; Section Id     ;
+--------------------------------------+--------------------------------------------------------------+---------------+-------------------+----------------+
; COMPILER_SIGNATURE_ID                ; 91756861603.160807588127228                                  ; --            ; --                ; --             ;
; EDA_DESIGN_INSTANCE_NAME             ; NA                                                           ; --            ; --                ; testbench      ;
; EDA_NATIVELINK_SIMULATION_TEST_BENCH ; testbench                                                    ; --            ; --                ; eda_simulation ;
; EDA_OUTPUT_DATA_FORMAT               ; Systemverilog Hdl                                            ; --            ; --                ; eda_simulation ;
; EDA_SIMULATION_TOOL                  ; ModelSim-Altera (SystemVerilog)                              ; <None>        ; --                ; --             ;
; EDA_TEST_BENCH_ENABLE_STATUS         ; TEST_BENCH_MODE                                              ; --            ; --                ; eda_simulation ;
; EDA_TEST_BENCH_FILE                  ; testbench.sv                                                 ; --            ; --                ; testbench      ;
; EDA_TEST_BENCH_MODULE_NAME           ; testbench                                                    ; --            ; --                ; testbench      ;
; EDA_TEST_BENCH_NAME                  ; testbench                                                    ; --            ; --                ; eda_simulation ;
; EDA_TEST_BENCH_RUN_SIM_FOR           ; 1000 ns                                                      ; --            ; --                ; testbench      ;
; EDA_TIME_SCALE                       ; 1 ps                                                         ; --            ; --                ; eda_simulation ;
; FLOW_ENABLE_POWER_ANALYZER           ; On                                                           ; Off           ; --                ; --             ;
; MAX_CORE_JUNCTION_TEMP               ; 85                                                           ; --            ; --                ; --             ;
; MIN_CORE_JUNCTION_TEMP               ; 0                                                            ; --            ; --                ; --             ;
; MISC_FILE                            ; tetris_soc/synthesis/../tetris_soc.cmp                       ; --            ; --                ; --             ;
; MISC_FILE                            ; tetris_soc/synthesis/../../tetris_soc.qsys                   ; --            ; --                ; --             ;
; OUTPUT_IO_TIMING_FAR_END_VMEAS       ; Half Signal Swing                                            ; --            ; --                ; --             ;
; OUTPUT_IO_TIMING_FAR_END_VMEAS       ; Half Signal Swing                                            ; --            ; --                ; --             ;
; OUTPUT_IO_TIMING_NEAR_END_VMEAS      ; Half Vccio                                                   ; --            ; --                ; --             ;
; OUTPUT_IO_TIMING_NEAR_END_VMEAS      ; Half Vccio                                                   ; --            ; --                ; --             ;
; PARTITION_COLOR                      ; -- (Not supported for targeted family)                       ; --            ; DE10_LITE_Default ; Top            ;
; PARTITION_COLOR                      ; -- (Not supported for targeted family)                       ; --            ; --                ; Top            ;
; PARTITION_FITTER_PRESERVATION_LEVEL  ; -- (Not supported for targeted family)                       ; --            ; DE10_LITE_Default ; Top            ;
; PARTITION_FITTER_PRESERVATION_LEVEL  ; -- (Not supported for targeted family)                       ; --            ; --                ; Top            ;
; PARTITION_NETLIST_TYPE               ; -- (Not supported for targeted family)                       ; --            ; DE10_LITE_Default ; Top            ;
; PARTITION_NETLIST_TYPE               ; -- (Not supported for targeted family)                       ; --            ; --                ; Top            ;
; POWER_BOARD_THERMAL_MODEL            ; None (CONSERVATIVE)                                          ; --            ; --                ; --             ;
; POWER_DEFAULT_INPUT_IO_TOGGLE_RATE   ; 12.5 %                                                       ; 12.5%         ; --                ; --             ;
; POWER_PRESET_COOLING_SOLUTION        ; 23 MM HEAT SINK WITH 200 LFPM AIRFLOW                        ; --            ; --                ; --             ;
; PROJECT_OUTPUT_DIRECTORY             ; output_files                                                 ; --            ; --                ; --             ;
; SLD_FILE                             ; tetris_soc/synthesis/tetris_soc.regmap                       ; --            ; --                ; --             ;
; SLD_FILE                             ; tetris_soc/synthesis/tetris_soc.debuginfo                    ; --            ; --                ; --             ;
; SLD_INFO                             ; QSYS_NAME tetris_soc HAS_SOPCINFO 1 GENERATION_ID 1607649967 ; --            ; tetris_soc        ; --             ;
; SOPCINFO_FILE                        ; tetris_soc/synthesis/../../tetris_soc.sopcinfo               ; --            ; --                ; --             ;
; SYNTHESIS_ONLY_QIP                   ; On                                                           ; --            ; --                ; --             ;
+--------------------------------------+--------------------------------------------------------------+---------------+-------------------+----------------+


+--------------------------------------------------------------------------------------------------------------------------+
; Flow Elapsed Time                                                                                                        ;
+----------------------+--------------+-------------------------+---------------------+------------------------------------+
; Module Name          ; Elapsed Time ; Average Processors Used ; Peak Virtual Memory ; Total CPU Time (on all processors) ;
+----------------------+--------------+-------------------------+---------------------+------------------------------------+
; Analysis & Synthesis ; 00:03:12     ; 1.0                     ; 5256 MB             ; 00:03:04                           ;
; Fitter               ; 00:03:18     ; 1.4                     ; 6091 MB             ; 00:06:32                           ;
; Assembler            ; 00:00:06     ; 1.0                     ; 4799 MB             ; 00:00:06                           ;
; Power Analyzer       ; 00:00:31     ; 2.1                     ; 5106 MB             ; 00:00:58                           ;
; Timing Analyzer      ; 00:00:28     ; 2.5                     ; 5136 MB             ; 00:00:55                           ;
; EDA Netlist Writer   ; 00:00:10     ; 1.0                     ; 4962 MB             ; 00:00:10                           ;
; Total                ; 00:07:45     ; --                      ; --                  ; 00:11:45                           ;
+----------------------+--------------+-------------------------+---------------------+------------------------------------+


+------------------------------------------------------------------------------------+
; Flow OS Summary                                                                    ;
+----------------------+------------------+------------+------------+----------------+
; Module Name          ; Machine Hostname ; OS Name    ; OS Version ; Processor type ;
+----------------------+------------------+------------+------------+----------------+
; Analysis & Synthesis ; Edward-Desktop   ; Windows 10 ; 10.0       ; x86_64         ;
; Fitter               ; Edward-Desktop   ; Windows 10 ; 10.0       ; x86_64         ;
; Assembler            ; Edward-Desktop   ; Windows 10 ; 10.0       ; x86_64         ;
; Power Analyzer       ; Edward-Desktop   ; Windows 10 ; 10.0       ; x86_64         ;
; Timing Analyzer      ; Edward-Desktop   ; Windows 10 ; 10.0       ; x86_64         ;
; EDA Netlist Writer   ; Edward-Desktop   ; Windows 10 ; 10.0       ; x86_64         ;
+----------------------+------------------+------------+------------+----------------+


------------
; Flow Log ;
------------
quartus_map --read_settings_files=on --write_settings_files=off tetris -c tetris
quartus_fit --read_settings_files=off --write_settings_files=off tetris -c tetris
quartus_asm --read_settings_files=off --write_settings_files=off tetris -c tetris
quartus_pow --read_settings_files=off --write_settings_files=off tetris -c tetris
quartus_sta tetris -c tetris
quartus_eda --read_settings_files=off --write_settings_files=off tetris -c tetris



